<?xml version="1.0" encoding="UTF-8"?>
<!-- Generated by org.testng.reporters.JUnitReportReporter -->
<testsuite hostname="DESKTOP-JCJ8HOK" failures="0" tests="2" name="excelOperations.DataManagementWithDataProvider" time="0.034" errors="0" timestamp="28 Feb 2022 02:17:24 GMT" skipped="0">
  <testcase classname="excelOperations.DataManagementWithDataProvider" name="f" time="0.027"/>
  <testcase classname="excelOperations.DataManagementWithDataProvider" name="f" time="0.007"/>
</testsuite> <!-- excelOperations.DataManagementWithDataProvider -->
