<?xml version="1.0" encoding="UTF-8"?>
<!-- Generated by org.testng.reporters.JUnitReportReporter -->
<testsuite hostname="DESKTOP-JCJ8HOK" failures="0" tests="2" name="excelOperations.DataManagementDynamicDemo" time="0.043" errors="0" timestamp="28 Feb 2022 02:26:44 GMT" skipped="0">
  <testcase classname="excelOperations.DataManagementDynamicDemo" name="f" time="0.022"/>
  <testcase classname="excelOperations.DataManagementDynamicDemo" name="f" time="0.021"/>
</testsuite> <!-- excelOperations.DataManagementDynamicDemo -->
