<?xml version="1.0" encoding="UTF-8"?>
<!-- Generated by org.testng.reporters.JUnitReportReporter -->
<testsuite hostname="DESKTOP-JCJ8HOK" failures="0" tests="2" name="excelOperations.NewTest" time="0.067" errors="0" timestamp="28 Feb 2022 01:50:38 GMT" skipped="0">
  <testcase classname="excelOperations.NewTest" name="f" time="0.058"/>
  <testcase classname="excelOperations.NewTest" name="f" time="0.009"/>
</testsuite> <!-- excelOperations.NewTest -->
